<?xml version="1.0" encoding="utf-8"?><testsuites name="pytest tests"><testsuite name="pytest" errors="0" failures="0" skipped="0" tests="17" time="58.913" timestamp="2025-07-25T08:25:08.416675+00:00" hostname="ip-172-26-15-41"><testcase classname="test_run_core" name="test_config_manager" time="0.050" /><testcase classname="test_run_core" name="test_okx_api" time="0.611" /><testcase classname="test_run_core" name="test_data_collector" time="5.467" /><testcase classname="test_run_core" name="test_arbitrage_engine" time="8.446" /><testcase classname="test_run_core" name="test_risk_manager" time="0.268" /><testcase classname="test_run_core" name="test_trade_executor" time="0.210" /><testcase classname="test_run_core" name="test_websocket_connection" time="5.267" /><testcase classname="test_run_core" name="test_integration" time="17.440" /><testcase classname="test_run_core" name="test_performance" time="5.993" /><testcase classname="test_run_core" name="test_error_handling" time="0.911" /><testcase classname="test_run_core" name="test_risk_manager_detailed" time="0.266" /><testcase classname="test_run_core" name="test_trade_executor_detailed" time="0.187" /><testcase classname="test_run_core" name="test_data_collector_detailed" time="2.402" /><testcase classname="test_run_core" name="test_arbitrage_engine_detailed" time="6.429" /><testcase classname="test_run_core" name="test_websocket_manager_detailed" time="3.329" /><testcase classname="test_run_core" name="test_error_scenarios" time="0.284" /><testcase classname="test_run_core" name="test_currency_conversion" time="0.111" /></testsuite></testsuites>