<?xml version="1.0" encoding="utf-8"?><testsuites name="pytest tests"><testsuite name="pytest" errors="0" failures="0" skipped="0" tests="45" time="3.442" timestamp="2025-07-25T08:24:01.663759+00:00" hostname="ip-172-26-15-41"><testcase classname="test_models.TestArbitragePath" name="test_valid_triangular_path" time="0.003" /><testcase classname="test_models.TestArbitragePath" name="test_invalid_path_too_short" time="0.002" /><testcase classname="test_models.TestArbitragePath" name="test_invalid_path_not_closed" time="0.002" /><testcase classname="test_models.TestArbitragePath" name="test_trading_pairs_generation" time="0.001" /><testcase classname="test_models.TestArbitragePath" name="test_trade_directions" time="0.001" /><testcase classname="test_models.TestArbitragePath" name="test_four_step_path" time="0.001" /><testcase classname="test_models.TestArbitragePath" name="test_base_asset_priority" time="0.001" /><testcase classname="test_models.TestArbitragePath" name="test_complex_trading_directions" time="0.001" /><testcase classname="test_models.TestArbitrageOpportunity" name="test_valid_opportunity" time="0.001" /><testcase classname="test_models.TestArbitrageOpportunity" name="test_invalid_opportunity_negative_profit" time="0.002" /><testcase classname="test_models.TestArbitrageOpportunity" name="test_invalid_opportunity_negative_min_amount" time="0.002" /><testcase classname="test_models.TestArbitrageOpportunity" name="test_profit_calculations" time="0.001" /><testcase classname="test_models.TestArbitrageOpportunity" name="test_expiration" time="0.001" /><testcase classname="test_models.TestArbitrageOpportunity" name="test_get_trading_methods" time="0.001" /><testcase classname="test_models.TestArbitrageOpportunity" name="test_expired_timestamp_none" time="0.001" /><testcase classname="test_models.TestArbitrageOpportunity" name="test_string_representation" time="0.001" /><testcase classname="test_models.TestOrderBook" name="test_valid_orderbook" time="0.001" /><testcase classname="test_models.TestOrderBook" name="test_empty_orderbook" time="0.001" /><testcase classname="test_models.TestOrderBook" name="test_orderbook_depth" time="0.001" /><testcase classname="test_models.TestOrderBook" name="test_partial_orderbook" time="0.001" /><testcase classname="test_models.TestOrderBook" name="test_invalid_orderbook_data" time="0.001" /><testcase classname="test_models.TestOrderBook" name="test_large_depth_request" time="0.001" /><testcase classname="test_models.TestPortfolio" name="test_valid_portfolio" time="0.001" /><testcase classname="test_models.TestPortfolio" name="test_portfolio_operations" time="0.001" /><testcase classname="test_models.TestPortfolio" name="test_portfolio_checks" time="0.001" /><testcase classname="test_models.TestPortfolio" name="test_empty_portfolio" time="0.001" /><testcase classname="test_models.TestPortfolio" name="test_portfolio_copy" time="0.001" /><testcase classname="test_models.TestPortfolio" name="test_portfolio_summary" time="0.001" /><testcase classname="test_models.TestPortfolio" name="test_negative_balance_operations" time="0.001" /><testcase classname="test_models.TestTrade" name="test_valid_trade" time="0.001" /><testcase classname="test_models.TestTrade" name="test_sell_trade" time="0.001" /><testcase classname="test_models.TestTrade" name="test_invalid_trade_side" time="0.003" /><testcase classname="test_models.TestTrade" name="test_invalid_trade_size" time="0.002" /><testcase classname="test_models.TestTrade" name="test_invalid_trade_price" time="0.003" /><testcase classname="test_models.TestTrade" name="test_order_params" time="0.001" /><testcase classname="test_models.TestTrade" name="test_trade_status_enum" time="0.001" /><testcase classname="test_models.TestTrade" name="test_trade_string_representation" time="0.001" /><testcase classname="test_models.TestTrade" name="test_trade_with_order_id" time="0.001" /><testcase classname="test_models.TestTrade" name="test_invalid_instrument_id" time="0.001" /><testcase classname="test_models.TestTrade" name="test_edge_case_coverage" time="0.001" /><testcase classname="test_models.TestTrade" name="test_imports_and_modules" time="0.001" /><testcase classname="test_models.TestModelsWithRealAPI" name="test_real_orderbook_data" time="0.233" /><testcase classname="test_models.TestModelsWithRealAPI" name="test_real_balance_data" time="0.240" /><testcase classname="test_models.TestModelsWithRealAPI" name="test_real_arbitrage_path_with_api_data" time="0.494" /><testcase classname="test_models.TestModelsWithRealAPI" name="test_real_trade_validation" time="0.201" /></testsuite></testsuites>